<?xml version="1.0" encoding="UTF-8"?>
<testng-results ignored="1" total="3" passed="1" failed="1" skipped="0">
  <reporter-output>
  </reporter-output>
  <suite started-at="2023-07-04T12:42:47 IST" name="CST5354Suite" finished-at="2023-07-04T12:43:06 IST" duration-ms="18860">
    <groups>
    </groups>
    <test started-at="2023-07-04T12:42:47 IST" name="CST5354Test" finished-at="2023-07-04T12:43:06 IST" duration-ms="18860">
      <class name="tests.LoginTest2">
        <test-method is-config="true" signature="tearUp(java.lang.reflect.Method)[pri:0, instance:tests.LoginTest2@63355449]" started-at="2023-07-04T12:42:47 IST" name="tearUp" finished-at="2023-07-04T12:43:01 IST" duration-ms="13728" status="PASS">
          <params>
            <param index="0">
              <value>
                <![CDATA[public void tests.LoginTest2.verifyLoginUrl()]]>
              </value>
            </param>
          </params>
          <reporter-output>
          </reporter-output>
        </test-method> <!-- tearUp -->
        <test-method signature="verifyLoginUrl()[pri:0, instance:tests.LoginTest2@63355449]" started-at="2023-07-04T12:43:01 IST" name="verifyLoginUrl" description="Verify Login Url" finished-at="2023-07-04T12:43:04 IST" duration-ms="3701" status="PASS">
          <reporter-output>
          </reporter-output>
        </test-method> <!-- verifyLoginUrl -->
        <test-method is-config="true" signature="tearDown()[pri:0, instance:tests.LoginTest2@63355449]" started-at="2023-07-04T12:43:05 IST" name="tearDown" finished-at="2023-07-04T12:43:05 IST" duration-ms="192" status="PASS">
          <reporter-output>
          </reporter-output>
        </test-method> <!-- tearDown -->
      </class> <!-- tests.LoginTest2 -->
      <class name="tests.LoginTest">
        <test-method is-config="true" signature="loadPropertyFile()[pri:0, instance:tests.LoginTest@2667f029]" started-at="2023-07-04T12:42:47 IST" name="loadPropertyFile" finished-at="2023-07-04T12:42:47 IST" duration-ms="16" status="PASS">
          <reporter-output>
          </reporter-output>
        </test-method> <!-- loadPropertyFile -->
        <test-method is-config="true" signature="tearUp(java.lang.reflect.Method)[pri:0, instance:tests.LoginTest@2667f029]" started-at="2023-07-04T12:42:47 IST" name="tearUp" finished-at="2023-07-04T12:43:00 IST" duration-ms="12776" status="PASS">
          <params>
            <param index="0">
              <value>
                <![CDATA[public void tests.LoginTest.verifyLoginTitle(java.lang.String,java.lang.String)]]>
              </value>
            </param>
          </params>
          <reporter-output>
          </reporter-output>
        </test-method> <!-- tearUp -->
        <test-method signature="verifyLoginTitle(java.lang.String,java.lang.String)[pri:0, instance:tests.LoginTest@2667f029]" started-at="2023-07-04T12:43:00 IST" name="verifyLoginTitle" description="Verify Login Tile" data-provider="getData" finished-at="2023-07-04T12:43:05 IST" duration-ms="5088" status="FAIL">
          <params>
            <param index="0">
              <value>
                <![CDATA[Admin]]>
              </value>
            </param>
            <param index="1">
              <value>
                <![CDATA[admin123]]>
              </value>
            </param>
          </params>
          <exception class="org.openqa.selenium.TimeoutException">
            <message>
              <![CDATA[Expected condition failed: waiting for visibility of element located by By.name: username (tried for 5 second(s) with 500 milliseconds interval)
Build info: version: '4.10.0', revision: 'c14d967899'
System info: os.name: 'Windows 11', os.arch: 'amd64', os.version: '10.0', java.version: '19.0.2'
Driver info: org.openqa.selenium.chrome.ChromeDriver
Capabilities {acceptInsecureCerts: false, browserName: chrome, browserVersion: 114.0.5735.199, chrome: {chromedriverVersion: 114.0.5735.90 (386bc09e8f4f..., userDataDir: C:\Users\adity\AppData\Loca...}, goog:chromeOptions: {debuggerAddress: localhost:57451}, networkConnectionEnabled: false, pageLoadStrategy: normal, platformName: windows, proxy: Proxy(), se:cdp: ws://localhost:57451/devtoo..., se:cdpVersion: 114.0.5735.199, setWindowRect: true, strictFileInteractability: false, timeouts: {implicit: 0, pageLoad: 300000, script: 30000}, unhandledPromptBehavior: dismiss and notify, webauthn:extension:credBlob: true, webauthn:extension:largeBlob: true, webauthn:extension:minPinLength: true, webauthn:extension:prf: true, webauthn:virtualAuthenticators: true}
Session ID: ef6a9feb739ce1a360b376c8b263a818]]>
            </message>
            <full-stacktrace>
              <![CDATA[org.openqa.selenium.TimeoutException: Expected condition failed: waiting for visibility of element located by By.name: username (tried for 5 second(s) with 500 milliseconds interval)
Build info: version: '4.10.0', revision: 'c14d967899'
System info: os.name: 'Windows 11', os.arch: 'amd64', os.version: '10.0', java.version: '19.0.2'
Driver info: org.openqa.selenium.chrome.ChromeDriver
Capabilities {acceptInsecureCerts: false, browserName: chrome, browserVersion: 114.0.5735.199, chrome: {chromedriverVersion: 114.0.5735.90 (386bc09e8f4f..., userDataDir: C:\Users\adity\AppData\Loca...}, goog:chromeOptions: {debuggerAddress: localhost:57451}, networkConnectionEnabled: false, pageLoadStrategy: normal, platformName: windows, proxy: Proxy(), se:cdp: ws://localhost:57451/devtoo..., se:cdpVersion: 114.0.5735.199, setWindowRect: true, strictFileInteractability: false, timeouts: {implicit: 0, pageLoad: 300000, script: 30000}, unhandledPromptBehavior: dismiss and notify, webauthn:extension:credBlob: true, webauthn:extension:largeBlob: true, webauthn:extension:minPinLength: true, webauthn:extension:prf: true, webauthn:virtualAuthenticators: true}
Session ID: ef6a9feb739ce1a360b376c8b263a818
at org.openqa.selenium.support.ui.WebDriverWait.timeoutException(WebDriverWait.java:84)
at org.openqa.selenium.support.ui.FluentWait.until(FluentWait.java:230)
at com.cs.utils.SeleniumUtils.getElement(SeleniumUtils.java:23)
at com.cs.utils.SeleniumUtils.sendKeys(SeleniumUtils.java:54)
at pages.LoginPage.setUserName(LoginPage.java:19)
at pages.LoginPage.loginAppl(LoginPage.java:38)
at tests.LoginTest.verifyLoginTitle(LoginTest.java:29)
at java.base/jdk.internal.reflect.DirectMethodHandleAccessor.invoke(DirectMethodHandleAccessor.java:104)
at java.base/java.lang.reflect.Method.invoke(Method.java:578)
at org.testng.internal.MethodInvocationHelper.invokeMethod(MethodInvocationHelper.java:133)
at org.testng.internal.TestInvoker.invokeMethod(TestInvoker.java:598)
at org.testng.internal.TestInvoker.invokeTestMethod(TestInvoker.java:173)
at org.testng.internal.MethodRunner.runInSequence(MethodRunner.java:46)
at org.testng.internal.TestInvoker$MethodInvocationAgent.invoke(TestInvoker.java:824)
at org.testng.internal.TestInvoker.invokeTestMethods(TestInvoker.java:146)
at org.testng.internal.TestMethodWorker.invokeTestMethods(TestMethodWorker.java:146)
at org.testng.internal.TestMethodWorker.run(TestMethodWorker.java:128)
at java.base/java.util.concurrent.ThreadPoolExecutor.runWorker(ThreadPoolExecutor.java:1144)
at java.base/java.util.concurrent.ThreadPoolExecutor$Worker.run(ThreadPoolExecutor.java:642)
at java.base/java.lang.Thread.run(Thread.java:1589)
]]>
            </full-stacktrace>
          </exception> <!-- org.openqa.selenium.TimeoutException -->
          <reporter-output>
          </reporter-output>
        </test-method> <!-- verifyLoginTitle -->
        <test-method is-config="true" signature="tearDown()[pri:0, instance:tests.LoginTest@2667f029]" started-at="2023-07-04T12:43:05 IST" name="tearDown" finished-at="2023-07-04T12:43:06 IST" duration-ms="203" status="PASS">
          <reporter-output>
          </reporter-output>
        </test-method> <!-- tearDown -->
      </class> <!-- tests.LoginTest -->
    </test> <!-- CST5354Test -->
  </suite> <!-- CST5354Suite -->
</testng-results>
